<?xml version="1.0" encoding="UTF-8"?>
<testng-results skipped="0" failed="1" ignored="0" total="2" passed="1">
  <reporter-output>
    <line>
      <![CDATA[Default test Execution Started ]]>
    </line>
    <line>
      <![CDATA[checkPerformTestPass Started ]]>
    </line>
    <line>
      <![CDATA[Ask link is present]]>
    </line>
    <line>
      <![CDATA[Study option is present]]>
    </line>
    <line>
      <![CDATA[Rankup option is present]]>
    </line>
    <line>
      <![CDATA[AI option is present]]>
    </line>
    <line>
      <![CDATA[Institute option is present]]>
    </line>
    <line>
      <![CDATA[Login button is present]]>
    </line>
    <line>
      <![CDATA[Start Practice button is present]]>
    </line>
    <line>
      <![CDATA[Take test button is present]]>
    </line>
    <line>
      <![CDATA[What would you like to study today text is present]]>
    </line>
    <line>
      <![CDATA[Login button is present]]>
    </line>
    <line>
      <![CDATA[Continue button is present]]>
    </line>
    <line>
      <![CDATA[Popup text is present]]>
    </line>
    <line>
      <![CDATA[checkPerformTestPass Passed ]]>
    </line>
    <line>
      <![CDATA[performTestFail Started ]]>
    </line>
    <line>
      <![CDATA[Ask link is present]]>
    </line>
    <line>
      <![CDATA[Study option is present]]>
    </line>
    <line>
      <![CDATA[Rankup option is present]]>
    </line>
    <line>
      <![CDATA[AI option is present]]>
    </line>
    <line>
      <![CDATA[Institute option is present]]>
    </line>
    <line>
      <![CDATA[Login button is present]]>
    </line>
    <line>
      <![CDATA[Start Practice button is present]]>
    </line>
    <line>
      <![CDATA[Take test button is present]]>
    </line>
    <line>
      <![CDATA[What would you like to study today text is present]]>
    </line>
    <line>
      <![CDATA[Login button is present]]>
    </line>
    <line>
      <![CDATA[Continue button is present]]>
    </line>
    <line>
      <![CDATA[Popup text is present]]>
    </line>
    <line>
      <![CDATA[performTestFail Failed ]]>
    </line>
  </reporter-output>
  <suite name="Default suite" duration-ms="75004" started-at="2020-03-06T13:16:17 IST" finished-at="2020-03-06T13:17:32 IST">
    <groups>
    </groups>
    <test name="Default test" duration-ms="75004" started-at="2020-03-06T13:16:17 IST" finished-at="2020-03-06T13:17:32 IST">
      <class name="com.embibe.test.EmbibeHomePageTest">
        <test-method status="PASS" signature="openBrowser()[pri:0, instance:com.embibe.test.EmbibeHomePageTest@369f73a2]" name="openBrowser" is-config="true" duration-ms="18734" started-at="2020-03-06T13:16:17 IST" finished-at="2020-03-06T13:16:35 IST">
          <reporter-output>
          </reporter-output>
        </test-method> <!-- openBrowser -->
        <test-method status="PASS" signature="checkPerformTestPass()[pri:1, instance:com.embibe.test.EmbibeHomePageTest@369f73a2]" name="checkPerformTestPass" duration-ms="18990" started-at="2020-03-06T13:16:35 IST" description="Flow for Pass" finished-at="2020-03-06T13:16:54 IST">
          <reporter-output>
            <line>
              <![CDATA[checkPerformTestPass Started ]]>
            </line>
            <line>
              <![CDATA[Ask link is present]]>
            </line>
            <line>
              <![CDATA[Study option is present]]>
            </line>
            <line>
              <![CDATA[Rankup option is present]]>
            </line>
            <line>
              <![CDATA[AI option is present]]>
            </line>
            <line>
              <![CDATA[Institute option is present]]>
            </line>
            <line>
              <![CDATA[Login button is present]]>
            </line>
            <line>
              <![CDATA[Start Practice button is present]]>
            </line>
            <line>
              <![CDATA[Take test button is present]]>
            </line>
            <line>
              <![CDATA[What would you like to study today text is present]]>
            </line>
            <line>
              <![CDATA[Login button is present]]>
            </line>
            <line>
              <![CDATA[Continue button is present]]>
            </line>
            <line>
              <![CDATA[Popup text is present]]>
            </line>
            <line>
              <![CDATA[checkPerformTestPass Passed ]]>
            </line>
          </reporter-output>
        </test-method> <!-- checkPerformTestPass -->
        <test-method status="PASS" signature="openBrowser()[pri:0, instance:com.embibe.test.EmbibeHomePageTest@369f73a2]" name="openBrowser" is-config="true" duration-ms="13799" started-at="2020-03-06T13:16:54 IST" finished-at="2020-03-06T13:17:08 IST">
          <reporter-output>
          </reporter-output>
        </test-method> <!-- openBrowser -->
        <test-method status="FAIL" signature="performTestFail()[pri:2, instance:com.embibe.test.EmbibeHomePageTest@369f73a2]" name="performTestFail" duration-ms="22694" started-at="2020-03-06T13:17:08 IST" description="Flow for fail" finished-at="2020-03-06T13:17:31 IST">
          <exception class="java.lang.AssertionError">
            <message>
              <![CDATA[null]]>
            </message>
            <full-stacktrace>
              <![CDATA[java.lang.AssertionError: null
at org.testng.Assert.fail(Assert.java:97)
at org.testng.Assert.fail(Assert.java:102)
at com.embibe.test.EmbibeHomePageTest.performTestFail(EmbibeHomePageTest.java:360)
at sun.reflect.NativeMethodAccessorImpl.invoke0(Native Method)
at sun.reflect.NativeMethodAccessorImpl.invoke(NativeMethodAccessorImpl.java:62)
at sun.reflect.DelegatingMethodAccessorImpl.invoke(DelegatingMethodAccessorImpl.java:43)
at java.lang.reflect.Method.invoke(Method.java:498)
at org.testng.internal.MethodInvocationHelper.invokeMethod(MethodInvocationHelper.java:133)
at org.testng.internal.TestInvoker.invokeMethod(TestInvoker.java:584)
at org.testng.internal.TestInvoker.invokeTestMethod(TestInvoker.java:172)
at org.testng.internal.MethodRunner.runInSequence(MethodRunner.java:46)
at org.testng.internal.TestInvoker$MethodInvocationAgent.invoke(TestInvoker.java:804)
at org.testng.internal.TestInvoker.invokeTestMethods(TestInvoker.java:145)
at org.testng.internal.TestMethodWorker.invokeTestMethods(TestMethodWorker.java:146)
at org.testng.internal.TestMethodWorker.run(TestMethodWorker.java:128)
at java.util.ArrayList.forEach(ArrayList.java:1257)
at org.testng.TestRunner.privateRun(TestRunner.java:770)
at org.testng.TestRunner.run(TestRunner.java:591)
at org.testng.SuiteRunner.runTest(SuiteRunner.java:402)
at org.testng.SuiteRunner.runSequentially(SuiteRunner.java:396)
at org.testng.SuiteRunner.privateRun(SuiteRunner.java:355)
at org.testng.SuiteRunner.run(SuiteRunner.java:304)
at org.testng.SuiteRunnerWorker.runSuite(SuiteRunnerWorker.java:53)
at org.testng.SuiteRunnerWorker.run(SuiteRunnerWorker.java:96)
at org.testng.TestNG.runSuitesSequentially(TestNG.java:1180)
at org.testng.TestNG.runSuitesLocally(TestNG.java:1102)
at org.testng.TestNG.runSuites(TestNG.java:1032)
at org.testng.TestNG.run(TestNG.java:1000)
at org.testng.remote.AbstractRemoteTestNG.run(AbstractRemoteTestNG.java:115)
at org.testng.remote.RemoteTestNG.initAndRun(RemoteTestNG.java:251)
at org.testng.remote.RemoteTestNG.main(RemoteTestNG.java:77)
]]>
            </full-stacktrace>
          </exception> <!-- java.lang.AssertionError -->
          <reporter-output>
            <line>
              <![CDATA[performTestFail Started ]]>
            </line>
            <line>
              <![CDATA[Ask link is present]]>
            </line>
            <line>
              <![CDATA[Study option is present]]>
            </line>
            <line>
              <![CDATA[Rankup option is present]]>
            </line>
            <line>
              <![CDATA[AI option is present]]>
            </line>
            <line>
              <![CDATA[Institute option is present]]>
            </line>
            <line>
              <![CDATA[Login button is present]]>
            </line>
            <line>
              <![CDATA[Start Practice button is present]]>
            </line>
            <line>
              <![CDATA[Take test button is present]]>
            </line>
            <line>
              <![CDATA[What would you like to study today text is present]]>
            </line>
            <line>
              <![CDATA[Login button is present]]>
            </line>
            <line>
              <![CDATA[Continue button is present]]>
            </line>
            <line>
              <![CDATA[Popup text is present]]>
            </line>
            <line>
              <![CDATA[performTestFail Failed ]]>
            </line>
          </reporter-output>
        </test-method> <!-- performTestFail -->
      </class> <!-- com.embibe.test.EmbibeHomePageTest -->
    </test> <!-- Default test -->
  </suite> <!-- Default suite -->
</testng-results>
